<?xml version="1.0" encoding="UTF-8"?>
<testsuite name="com.aor.numbers.ListSorterTest" tests="1" skipped="0" failures="0" errors="0" timestamp="2022-11-06T14:47:31" hostname="DESKTOP-2HNS41A" time="0.028">
  <properties/>
  <testcase name="bug_sort()" classname="com.aor.numbers.ListSorterTest" time="0.028"/>
  <system-out><![CDATA[]]></system-out>
  <system-err><![CDATA[]]></system-err>
</testsuite>
